  main.cpp
main.cpp(17): warning C4244: '=' : 'double'에서 'float'(으)로 변환하면서 데이터가 손실될 수 있습니다.
main.cpp(17): warning C4244: '=' : 'double'에서 'float'(으)로 변환하면서 데이터가 손실될 수 있습니다.
main.cpp(17): warning C4244: '=' : 'double'에서 'float'(으)로 변환하면서 데이터가 손실될 수 있습니다.
main.cpp(28): warning C4244: '=' : 'double'에서 'float'(으)로 변환하면서 데이터가 손실될 수 있습니다.
main.cpp(28): warning C4244: '=' : 'double'에서 'float'(으)로 변환하면서 데이터가 손실될 수 있습니다.
main.cpp(28): warning C4244: '=' : 'double'에서 'float'(으)로 변환하면서 데이터가 손실될 수 있습니다.
main.cpp(29): warning C4244: '=' : 'double'에서 'float'(으)로 변환하면서 데이터가 손실될 수 있습니다.
main.cpp(29): warning C4244: '=' : 'double'에서 'float'(으)로 변환하면서 데이터가 손실될 수 있습니다.
main.cpp(29): warning C4244: '=' : 'double'에서 'float'(으)로 변환하면서 데이터가 손실될 수 있습니다.
main.cpp(30): warning C4244: '=' : 'double'에서 'float'(으)로 변환하면서 데이터가 손실될 수 있습니다.
main.cpp(30): warning C4244: '=' : 'double'에서 'float'(으)로 변환하면서 데이터가 손실될 수 있습니다.
main.cpp(30): warning C4244: '=' : 'double'에서 'float'(으)로 변환하면서 데이터가 손실될 수 있습니다.
main.cpp(31): warning C4244: '=' : 'double'에서 'float'(으)로 변환하면서 데이터가 손실될 수 있습니다.
main.cpp(31): warning C4244: '=' : 'double'에서 'float'(으)로 변환하면서 데이터가 손실될 수 있습니다.
main.cpp(31): warning C4244: '=' : 'double'에서 'float'(으)로 변환하면서 데이터가 손실될 수 있습니다.
main.cpp(33): warning C4244: '+=' : 'double'에서 'float'(으)로 변환하면서 데이터가 손실될 수 있습니다.
main.cpp(33): warning C4244: '+=' : 'double'에서 'float'(으)로 변환하면서 데이터가 손실될 수 있습니다.
main.cpp(33): warning C4244: '+=' : 'double'에서 'float'(으)로 변환하면서 데이터가 손실될 수 있습니다.
main.cpp(34): warning C4244: '-=' : 'double'에서 'float'(으)로 변환하면서 데이터가 손실될 수 있습니다.
main.cpp(34): warning C4244: '-=' : 'double'에서 'float'(으)로 변환하면서 데이터가 손실될 수 있습니다.
main.cpp(34): warning C4244: '-=' : 'double'에서 'float'(으)로 변환하면서 데이터가 손실될 수 있습니다.
main.cpp(35): warning C4244: '*=' : 'double'에서 'float'(으)로 변환하면서 데이터가 손실될 수 있습니다.
main.cpp(35): warning C4244: '*=' : 'double'에서 'float'(으)로 변환하면서 데이터가 손실될 수 있습니다.
main.cpp(35): warning C4244: '*=' : 'double'에서 'float'(으)로 변환하면서 데이터가 손실될 수 있습니다.
main.cpp(36): warning C4244: '/=' : 'double'에서 'float'(으)로 변환하면서 데이터가 손실될 수 있습니다.
main.cpp(36): warning C4244: '/=' : 'double'에서 'float'(으)로 변환하면서 데이터가 손실될 수 있습니다.
main.cpp(36): warning C4244: '/=' : 'double'에서 'float'(으)로 변환하면서 데이터가 손실될 수 있습니다.
main.cpp(66): warning C4305: '=' : 'double'에서 'float'(으)로 잘립니다.
main.cpp(147): warning C4018: '<' : signed 또는 unsigned가 일치하지 않습니다.
main.cpp(160): warning C4018: '<' : signed 또는 unsigned가 일치하지 않습니다.
main.cpp(168): warning C4018: '<' : signed 또는 unsigned가 일치하지 않습니다.
main.cpp(178): warning C4244: '인수' : 'float'에서 'int'(으)로 변환하면서 데이터가 손실될 수 있습니다.
main.cpp(178): warning C4244: '인수' : 'float'에서 'int'(으)로 변환하면서 데이터가 손실될 수 있습니다.
main.cpp(179): warning C4244: '인수' : 'float'에서 'int'(으)로 변환하면서 데이터가 손실될 수 있습니다.
main.cpp(179): warning C4244: '인수' : 'float'에서 'int'(으)로 변환하면서 데이터가 손실될 수 있습니다.
main.cpp(188): warning C4018: '<' : signed 또는 unsigned가 일치하지 않습니다.
  코드를 생성하고 있습니다.
  코드를 생성했습니다.
  3DConsole.vcxproj -> F:\System\Documents\GitHub\3DConsole\3DConsole\Release\3DConsole.exe
